2025-12-15 11:15:13,952 - INFO - ============================================================
2025-12-15 11:15:13,957 - INFO - 研招网官网严格判断程序启动（必要条件法 + Playwright）
2025-12-15 11:15:13,957 - INFO - ============================================================
2025-12-15 11:15:13,995 - INFO - 读取到 9 条记录
2025-12-15 11:15:13,996 - INFO - 
============================================================
2025-12-15 11:15:13,996 - INFO - [1/9] 安徽 - 安徽财经大学 - 国际商学院
2025-12-15 11:15:13,996 - INFO - URL: https://yz.aufe.edu.cn/
2025-12-15 11:15:13,996 - INFO - 正在检查: 安徽财经大学 - https://yz.aufe.edu.cn/
2025-12-15 11:15:22,124 - ERROR - 浏览器初始化失败: Executable doesn't exist at /home/bankpan/.cache/ms-playwright/chromium-1091/chrome-linux/chrome
╔════════════════════════════════════════════════════════════╗
║ Looks like Playwright was just installed or updated.       ║
║ Please run the following command to download new browsers: ║
║                                                            ║
║     playwright install                                     ║
║                                                            ║
║ <3 Playwright Team                                         ║
╚════════════════════════════════════════════════════════════╝
2025-12-15 11:15:22,190 - WARNING - 请求失败 (尝试 1/3): https://yz.aufe.edu.cn/, 错误: Executable doesn't exist at /home/bankpan/.cache/ms-playwright/chromium-1091/chrome-linux/chrome
╔════════════════════════════════════════════════════════════╗
║ Looks like Playwright was just installed or updated.       ║
║ Please run the following command to download new browsers: ║
║                                                            ║
║     playwright install                                     ║
║                                                            ║
║ <3 Playwright Team                                         ║
╚════════════════════════════════════════════════════════════╝
2025-12-15 11:15:22,192 - INFO - 重试 2/3，延迟 2.9秒
2025-12-15 11:15:25,670 - ERROR - 浏览器初始化失败: Executable doesn't exist at /home/bankpan/.cache/ms-playwright/chromium-1091/chrome-linux/chrome
╔════════════════════════════════════════════════════════════╗
║ Looks like Playwright was just installed or updated.       ║
║ Please run the following command to download new browsers: ║
║                                                            ║
║     playwright install                                     ║
║                                                            ║
║ <3 Playwright Team                                         ║
╚════════════════════════════════════════════════════════════╝
2025-12-15 11:15:25,759 - WARNING - 请求失败 (尝试 2/3): https://yz.aufe.edu.cn/, 错误: Executable doesn't exist at /home/bankpan/.cache/ms-playwright/chromium-1091/chrome-linux/chrome
╔════════════════════════════════════════════════════════════╗
║ Looks like Playwright was just installed or updated.       ║
║ Please run the following command to download new browsers: ║
║                                                            ║
║     playwright install                                     ║
║                                                            ║
║ <3 Playwright Team                                         ║
╚════════════════════════════════════════════════════════════╝
2025-12-15 11:15:25,761 - INFO - 重试 3/3，延迟 4.3秒
2025-12-15 11:15:30,577 - ERROR - 浏览器初始化失败: Executable doesn't exist at /home/bankpan/.cache/ms-playwright/chromium-1091/chrome-linux/chrome
╔════════════════════════════════════════════════════════════╗
║ Looks like Playwright was just installed or updated.       ║
║ Please run the following command to download new browsers: ║
║                                                            ║
║     playwright install                                     ║
║                                                            ║
║ <3 Playwright Team                                         ║
╚════════════════════════════════════════════════════════════╝
2025-12-15 11:15:30,588 - WARNING - 请求失败 (尝试 3/3): https://yz.aufe.edu.cn/, 错误: Executable doesn't exist at /home/bankpan/.cache/ms-playwright/chromium-1091/chrome-linux/chrome
╔════════════════════════════════════════════════════════════╗
║ Looks like Playwright was just installed or updated.       ║
║ Please run the following command to download new browsers: ║
║                                                            ║
║     playwright install                                     ║
║                                                            ║
║ <3 Playwright Team                                         ║
╚════════════════════════════════════════════════════════════╝
2025-12-15 11:15:30,589 - INFO - 判断结果: 不确定
2025-12-15 11:15:30,589 - INFO - 失败原因: 无法访问网页
2025-12-15 11:15:30,688 - INFO - 
============================================================
2025-12-15 11:15:30,688 - INFO - [2/9] 安徽 - 安徽农业大学 - 经济管理学院全日制
2025-12-15 11:15:30,689 - INFO - URL: https://yjs.ahau.edu.cn/
2025-12-15 11:15:30,689 - INFO - 正在检查: 安徽农业大学 - https://yjs.ahau.edu.cn/
2025-12-15 11:15:40,219 - ERROR - 浏览器初始化失败: Executable doesn't exist at /home/bankpan/.cache/ms-playwright/chromium-1091/chrome-linux/chrome
╔════════════════════════════════════════════════════════════╗
║ Looks like Playwright was just installed or updated.       ║
║ Please run the following command to download new browsers: ║
║                                                            ║
║     playwright install                                     ║
║                                                            ║
║ <3 Playwright Team                                         ║
╚════════════════════════════════════════════════════════════╝
2025-12-15 11:15:40,414 - WARNING - 请求失败 (尝试 1/3): https://yjs.ahau.edu.cn/, 错误: Executable doesn't exist at /home/bankpan/.cache/ms-playwright/chromium-1091/chrome-linux/chrome
╔════════════════════════════════════════════════════════════╗
║ Looks like Playwright was just installed or updated.       ║
║ Please run the following command to download new browsers: ║
║                                                            ║
║     playwright install                                     ║
║                                                            ║
║ <3 Playwright Team                                         ║
╚════════════════════════════════════════════════════════════╝
2025-12-15 11:15:40,417 - INFO - 重试 2/3，延迟 3.2秒
2025-12-15 11:25:20,664 - INFO - ============================================================
2025-12-15 11:25:20,680 - INFO - 研招网官网严格判断程序启动（必要条件法 + Playwright）
2025-12-15 11:25:20,680 - INFO - ============================================================
2025-12-15 11:25:20,778 - INFO - 读取到 9 条记录
2025-12-15 11:25:20,779 - INFO - 
============================================================
2025-12-15 11:25:20,779 - INFO - [1/9] 安徽 - 安徽财经大学 - 国际商学院
2025-12-15 11:25:20,779 - INFO - URL: https://yz.aufe.edu.cn/
2025-12-15 11:25:20,780 - INFO - 正在检查: 安徽财经大学 - https://yz.aufe.edu.cn/
2025-12-15 11:25:29,101 - ERROR - Task was destroyed but it is pending!
task: <Task pending name='Task-3' coro=<Connection.run.<locals>.init() running at /home/bankpan/.virtualenvs/panduan_wangzhi/lib/python3.12/site-packages/playwright/_impl/_connection.py:273> wait_for=<Future pending cb=[Task.task_wakeup()]> cb=[ProtocolCallback.__init__.<locals>.cb() at /home/bankpan/.virtualenvs/panduan_wangzhi/lib/python3.12/site-packages/playwright/_impl/_connection.py:194]>
2025-12-15 11:34:47,163 - INFO - ============================================================
2025-12-15 11:34:47,182 - INFO - 研招网官网严格判断程序启动（必要条件法 + Playwright）
2025-12-15 11:34:47,183 - INFO - ============================================================
2025-12-15 11:34:47,277 - INFO - 读取到 9 条记录
2025-12-15 11:34:47,278 - INFO - 
============================================================
2025-12-15 11:34:47,278 - INFO - [1/9] 安徽 - 安徽财经大学 - 国际商学院
2025-12-15 11:34:47,278 - INFO - URL: https://yz.aufe.edu.cn/
2025-12-15 11:34:47,278 - INFO - 正在检查: 安徽财经大学 - https://yz.aufe.edu.cn/
2025-12-15 11:35:24,569 - ERROR - 浏览器初始化失败: Executable doesn't exist at /home/bankpan/.cache/ms-playwright/chromium-1091/chrome-linux/chrome
╔════════════════════════════════════════════════════════════╗
║ Looks like Playwright was just installed or updated.       ║
║ Please run the following command to download new browsers: ║
║                                                            ║
║     playwright install                                     ║
║                                                            ║
║ <3 Playwright Team                                         ║
╚════════════════════════════════════════════════════════════╝
2025-12-15 11:35:24,974 - WARNING - 请求失败 (尝试 1/3): https://yz.aufe.edu.cn/, 错误: Executable doesn't exist at /home/bankpan/.cache/ms-playwright/chromium-1091/chrome-linux/chrome
╔════════════════════════════════════════════════════════════╗
║ Looks like Playwright was just installed or updated.       ║
║ Please run the following command to download new browsers: ║
║                                                            ║
║     playwright install                                     ║
║                                                            ║
║ <3 Playwright Team                                         ║
╚════════════════════════════════════════════════════════════╝
2025-12-15 11:35:24,980 - INFO - 重试 2/3，延迟 2.7秒
2025-12-15 11:35:41,716 - ERROR - 浏览器初始化失败: Executable doesn't exist at /home/bankpan/.cache/ms-playwright/chromium-1091/chrome-linux/chrome
╔════════════════════════════════════════════════════════════╗
║ Looks like Playwright was just installed or updated.       ║
║ Please run the following command to download new browsers: ║
║                                                            ║
║     playwright install                                     ║
║                                                            ║
║ <3 Playwright Team                                         ║
╚════════════════════════════════════════════════════════════╝
2025-12-15 11:35:41,751 - WARNING - 请求失败 (尝试 2/3): https://yz.aufe.edu.cn/, 错误: Executable doesn't exist at /home/bankpan/.cache/ms-playwright/chromium-1091/chrome-linux/chrome
╔════════════════════════════════════════════════════════════╗
║ Looks like Playwright was just installed or updated.       ║
║ Please run the following command to download new browsers: ║
║                                                            ║
║     playwright install                                     ║
║                                                            ║
║ <3 Playwright Team                                         ║
╚════════════════════════════════════════════════════════════╝
2025-12-15 11:35:41,751 - INFO - 重试 3/3，延迟 4.6秒
2025-12-15 11:35:55,638 - ERROR - 浏览器初始化失败: Executable doesn't exist at /home/bankpan/.cache/ms-playwright/chromium-1091/chrome-linux/chrome
╔════════════════════════════════════════════════════════════╗
║ Looks like Playwright was just installed or updated.       ║
║ Please run the following command to download new browsers: ║
║                                                            ║
║     playwright install                                     ║
║                                                            ║
║ <3 Playwright Team                                         ║
╚════════════════════════════════════════════════════════════╝
2025-12-15 11:35:55,694 - WARNING - 请求失败 (尝试 3/3): https://yz.aufe.edu.cn/, 错误: Executable doesn't exist at /home/bankpan/.cache/ms-playwright/chromium-1091/chrome-linux/chrome
╔════════════════════════════════════════════════════════════╗
║ Looks like Playwright was just installed or updated.       ║
║ Please run the following command to download new browsers: ║
║                                                            ║
║     playwright install                                     ║
║                                                            ║
║ <3 Playwright Team                                         ║
╚════════════════════════════════════════════════════════════╝
2025-12-15 11:35:55,696 - INFO - 判断结果: 不确定
2025-12-15 11:35:55,696 - INFO - 失败原因: 无法访问网页
2025-12-15 11:35:55,794 - INFO - 
============================================================
2025-12-15 11:35:55,797 - INFO - [2/9] 安徽 - 安徽农业大学 - 经济管理学院全日制
2025-12-15 11:35:55,797 - INFO - URL: https://yjs.ahau.edu.cn/
2025-12-15 11:35:55,797 - INFO - 正在检查: 安徽农业大学 - https://yjs.ahau.edu.cn/
2025-12-15 11:36:02,165 - ERROR - 浏览器初始化失败: Executable doesn't exist at /home/bankpan/.cache/ms-playwright/chromium-1091/chrome-linux/chrome
╔════════════════════════════════════════════════════════════╗
║ Looks like Playwright was just installed or updated.       ║
║ Please run the following command to download new browsers: ║
║                                                            ║
║     playwright install                                     ║
║                                                            ║
║ <3 Playwright Team                                         ║
╚════════════════════════════════════════════════════════════╝
2025-12-15 11:36:02,209 - WARNING - 请求失败 (尝试 1/3): https://yjs.ahau.edu.cn/, 错误: Executable doesn't exist at /home/bankpan/.cache/ms-playwright/chromium-1091/chrome-linux/chrome
╔════════════════════════════════════════════════════════════╗
║ Looks like Playwright was just installed or updated.       ║
║ Please run the following command to download new browsers: ║
║                                                            ║
║     playwright install                                     ║
║                                                            ║
║ <3 Playwright Team                                         ║
╚════════════════════════════════════════════════════════════╝
2025-12-15 11:36:02,210 - INFO - 重试 2/3，延迟 3.8秒
2025-12-15 11:36:09,160 - ERROR - 浏览器初始化失败: Executable doesn't exist at /home/bankpan/.cache/ms-playwright/chromium-1091/chrome-linux/chrome
╔════════════════════════════════════════════════════════════╗
║ Looks like Playwright was just installed or updated.       ║
║ Please run the following command to download new browsers: ║
║                                                            ║
║     playwright install                                     ║
║                                                            ║
║ <3 Playwright Team                                         ║
╚════════════════════════════════════════════════════════════╝
2025-12-15 11:36:09,937 - WARNING - 请求失败 (尝试 2/3): https://yjs.ahau.edu.cn/, 错误: Executable doesn't exist at /home/bankpan/.cache/ms-playwright/chromium-1091/chrome-linux/chrome
╔════════════════════════════════════════════════════════════╗
║ Looks like Playwright was just installed or updated.       ║
║ Please run the following command to download new browsers: ║
║                                                            ║
║     playwright install                                     ║
║                                                            ║
║ <3 Playwright Team                                         ║
╚════════════════════════════════════════════════════════════╝
2025-12-15 11:36:09,948 - INFO - 重试 3/3，延迟 6.0秒
2025-12-15 11:36:36,144 - ERROR - Task was destroyed but it is pending!
task: <Task pending name='Task-33' coro=<Connection.run.<locals>.init() running at /home/bankpan/.virtualenvs/panduan_wangzhi/lib/python3.12/site-packages/playwright/_impl/_connection.py:273> wait_for=<Future pending cb=[Task.task_wakeup()]> cb=[ProtocolCallback.__init__.<locals>.cb() at /home/bankpan/.virtualenvs/panduan_wangzhi/lib/python3.12/site-packages/playwright/_impl/_connection.py:194]>
2025-12-15 11:37:18,114 - INFO - ============================================================
2025-12-15 11:37:18,193 - INFO - 研招网官网严格判断程序启动（必要条件法 + Playwright）
2025-12-15 11:37:18,193 - INFO - ============================================================
2025-12-15 11:37:18,313 - INFO - 读取到 9 条记录
2025-12-15 11:37:18,316 - INFO - 
============================================================
2025-12-15 11:37:18,316 - INFO - [1/9] 安徽 - 安徽财经大学 - 国际商学院
2025-12-15 11:37:18,316 - INFO - URL: https://yz.aufe.edu.cn/
2025-12-15 11:37:18,317 - INFO - 正在检查: 安徽财经大学 - https://yz.aufe.edu.cn/
2025-12-15 11:37:33,072 - ERROR - 浏览器初始化失败: Executable doesn't exist at /home/bankpan/.cache/ms-playwright/chromium-1091/chrome-linux/chrome
╔════════════════════════════════════════════════════════════╗
║ Looks like Playwright was just installed or updated.       ║
║ Please run the following command to download new browsers: ║
║                                                            ║
║     playwright install                                     ║
║                                                            ║
║ <3 Playwright Team                                         ║
╚════════════════════════════════════════════════════════════╝
2025-12-15 11:37:33,171 - WARNING - 请求失败 (尝试 1/3): https://yz.aufe.edu.cn/, 错误: Executable doesn't exist at /home/bankpan/.cache/ms-playwright/chromium-1091/chrome-linux/chrome
╔════════════════════════════════════════════════════════════╗
║ Looks like Playwright was just installed or updated.       ║
║ Please run the following command to download new browsers: ║
║                                                            ║
║     playwright install                                     ║
║                                                            ║
║ <3 Playwright Team                                         ║
╚════════════════════════════════════════════════════════════╝
2025-12-15 11:37:33,175 - INFO - 重试 2/3，延迟 2.1秒
2025-12-15 11:37:36,339 - ERROR - 浏览器初始化失败: Executable doesn't exist at /home/bankpan/.cache/ms-playwright/chromium-1091/chrome-linux/chrome
╔════════════════════════════════════════════════════════════╗
║ Looks like Playwright was just installed or updated.       ║
║ Please run the following command to download new browsers: ║
║                                                            ║
║     playwright install                                     ║
║                                                            ║
║ <3 Playwright Team                                         ║
╚════════════════════════════════════════════════════════════╝
2025-12-15 11:37:36,441 - WARNING - 请求失败 (尝试 2/3): https://yz.aufe.edu.cn/, 错误: Executable doesn't exist at /home/bankpan/.cache/ms-playwright/chromium-1091/chrome-linux/chrome
╔════════════════════════════════════════════════════════════╗
║ Looks like Playwright was just installed or updated.       ║
║ Please run the following command to download new browsers: ║
║                                                            ║
║     playwright install                                     ║
║                                                            ║
║ <3 Playwright Team                                         ║
╚════════════════════════════════════════════════════════════╝
2025-12-15 11:37:36,442 - INFO - 重试 3/3，延迟 5.7秒
2025-12-15 11:37:43,035 - ERROR - 浏览器初始化失败: Executable doesn't exist at /home/bankpan/.cache/ms-playwright/chromium-1091/chrome-linux/chrome
╔════════════════════════════════════════════════════════════╗
║ Looks like Playwright was just installed or updated.       ║
║ Please run the following command to download new browsers: ║
║                                                            ║
║     playwright install                                     ║
║                                                            ║
║ <3 Playwright Team                                         ║
╚════════════════════════════════════════════════════════════╝
2025-12-15 11:37:43,057 - WARNING - 请求失败 (尝试 3/3): https://yz.aufe.edu.cn/, 错误: Executable doesn't exist at /home/bankpan/.cache/ms-playwright/chromium-1091/chrome-linux/chrome
╔════════════════════════════════════════════════════════════╗
║ Looks like Playwright was just installed or updated.       ║
║ Please run the following command to download new browsers: ║
║                                                            ║
║     playwright install                                     ║
║                                                            ║
║ <3 Playwright Team                                         ║
╚════════════════════════════════════════════════════════════╝
2025-12-15 11:37:43,068 - INFO - 判断结果: 不确定
2025-12-15 11:37:43,068 - INFO - 失败原因: 无法访问网页
2025-12-15 11:37:43,204 - INFO - 
============================================================
2025-12-15 11:37:43,206 - INFO - [2/9] 安徽 - 安徽农业大学 - 经济管理学院全日制
2025-12-15 11:37:43,207 - INFO - URL: https://yjs.ahau.edu.cn/
2025-12-15 11:37:43,207 - INFO - 正在检查: 安徽农业大学 - https://yjs.ahau.edu.cn/
2025-12-15 11:51:45,610 - INFO - ============================================================
2025-12-15 11:51:45,620 - INFO - 研招网官网严格判断程序启动（必要条件法 + Playwright）
2025-12-15 11:51:45,620 - INFO - ============================================================
2025-12-15 11:51:45,795 - INFO - 读取到 9 条记录
2025-12-15 11:51:45,797 - INFO - 
============================================================
2025-12-15 11:51:45,797 - INFO - [1/9] 安徽 - 安徽财经大学 - 国际商学院
2025-12-15 11:51:45,797 - INFO - URL: https://yz.aufe.edu.cn/
2025-12-15 11:51:45,798 - INFO - 正在检查: 安徽财经大学 - https://yz.aufe.edu.cn/
2025-12-15 11:52:49,971 - INFO - 判断结果: 是 - 通过所有必要条件
2025-12-15 11:52:50,036 - INFO - 判断结果: 是
2025-12-15 11:52:50,264 - INFO - 
============================================================
2025-12-15 11:52:50,265 - INFO - [2/9] 安徽 - 安徽农业大学 - 经济管理学院全日制
2025-12-15 11:52:50,265 - INFO - URL: https://yjs.ahau.edu.cn/
2025-12-15 11:52:50,265 - INFO - 正在检查: 安徽农业大学 - https://yjs.ahau.edu.cn/
2025-12-15 11:52:56,896 - WARNING - HTTP 412: https://yjs.ahau.edu.cn/
2025-12-15 11:52:56,907 - INFO - 重试 2/3，延迟 3.1秒
2025-12-15 11:53:03,977 - INFO - 判断结果: 是 - 通过所有必要条件
2025-12-15 11:53:03,992 - INFO - 判断结果: 是
2025-12-15 11:53:04,296 - INFO - 
============================================================
2025-12-15 11:53:04,340 - INFO - [3/9] 安徽 - 合肥大学 - 经济与管理学院
2025-12-15 11:53:04,340 - INFO - URL: https://www.hfuu.edu.cn/yjs/main.htm
2025-12-15 11:53:04,341 - INFO - 正在检查: 合肥大学 - https://www.hfuu.edu.cn/yjs/main.htm
2025-12-15 11:53:10,688 - INFO - 判断结果: 是 - 通过所有必要条件
2025-12-15 11:53:10,688 - INFO - 判断结果: 是
2025-12-15 11:53:10,689 - INFO - 
============================================================
2025-12-15 11:53:10,690 - INFO - [4/9] 安徽 - 安徽建筑大学 - 联合培养（南京信息工程大学）
2025-12-15 11:53:10,690 - INFO - URL: https://www.ahjzu.edu.cn/yjsc/
2025-12-15 11:53:10,690 - INFO - 正在检查: 安徽建筑大学 - https://www.ahjzu.edu.cn/yjsc/
2025-12-15 11:53:18,395 - INFO - 判断结果: 是 - 通过所有必要条件
2025-12-15 11:53:18,395 - INFO - 判断结果: 是
2025-12-15 11:53:18,396 - INFO - 
============================================================
2025-12-15 11:53:18,396 - INFO - [5/9] 安徽 - 安徽建筑大学 - 经济与管理学院
2025-12-15 11:53:18,396 - INFO - URL: https://www.ahjzu.edu.cn/yjsc/
2025-12-15 11:53:18,396 - INFO - 正在检查: 安徽建筑大学 - https://www.ahjzu.edu.cn/yjsc/
2025-12-15 11:53:25,890 - INFO - 判断结果: 是 - 通过所有必要条件
2025-12-15 11:53:25,891 - INFO - 判断结果: 是
2025-12-15 11:53:25,891 - INFO - 
============================================================
2025-12-15 11:53:25,892 - INFO - [6/9] 安徽 - 安徽师范大学 - 经济管理学院
2025-12-15 11:53:25,892 - INFO - URL: https://gs.ahnu.edu.cn/
2025-12-15 11:53:25,892 - INFO - 正在检查: 安徽师范大学 - https://gs.ahnu.edu.cn/
2025-12-15 11:53:36,363 - INFO - 判断结果: 是 - 通过所有必要条件
2025-12-15 11:53:36,367 - INFO - 判断结果: 是
2025-12-15 11:53:36,390 - INFO - 
============================================================
2025-12-15 11:53:36,391 - INFO - [7/9] 安徽 - 安徽大学 - 商学院
2025-12-15 11:53:36,391 - INFO - URL: https://graschool.ahu.edu.cn/
2025-12-15 11:53:36,391 - INFO - 正在检查: 安徽大学 - https://graschool.ahu.edu.cn/
2025-12-15 11:53:46,911 - WARNING - HTTP 412: https://graschool.ahu.edu.cn/
2025-12-15 11:53:46,969 - INFO - 重试 2/3，延迟 2.4秒
2025-12-15 11:53:52,697 - INFO - 判断结果: 是 - 通过所有必要条件
2025-12-15 11:53:52,699 - INFO - 判断结果: 是
2025-12-15 11:53:52,783 - INFO - 
============================================================
2025-12-15 11:53:52,785 - INFO - [8/9] 安徽 - 安徽工业大学 - 商学院
2025-12-15 11:53:52,785 - INFO - URL: https://graduate.ahut.edu.cn/
2025-12-15 11:53:52,785 - INFO - 正在检查: 安徽工业大学 - https://graduate.ahut.edu.cn/
2025-12-15 11:54:01,829 - INFO - 判断结果: 是 - 通过所有必要条件
2025-12-15 11:54:01,839 - INFO - 判断结果: 是
2025-12-15 11:54:01,904 - INFO - 
============================================================
2025-12-15 11:54:01,906 - INFO - [9/9] 安徽 - 阜阳师范大学 - 商学院
2025-12-15 11:54:01,906 - INFO - URL: http://www.fynu.edu.cn/yjsc/index.htm
2025-12-15 11:54:01,907 - INFO - 正在检查: 阜阳师范大学 - http://www.fynu.edu.cn/yjsc/index.htm
2025-12-15 11:54:09,110 - INFO - 判断结果: 是 - 通过所有必要条件
2025-12-15 11:54:09,147 - INFO - 判断结果: 是
2025-12-15 11:54:11,378 - INFO - 
============================================================
2025-12-15 11:54:11,381 - INFO - 判断完成！结果已保存至: 判断结果.csv
2025-12-15 11:54:11,381 - INFO - ============================================================
2025-12-15 11:54:11,488 - INFO - 
【统计结果】
2025-12-15 11:54:11,492 - INFO -   是: 9 条 (100.0%)
